<?xml version="1.0" encoding="UTF-8"?>
<coverage generated="1735772376907" clover="3.2.0">
  <project timestamp="1735772376907" name="All files">
    <metrics statements="46" coveredstatements="41" conditionals="14" coveredconditionals="12" methods="30" coveredmethods="24" elements="90" coveredelements="77" complexity="0" loc="46" ncloc="46" packages="1" files="3" classes="3"/>
    <file name="Utils.ts" path="/home/Viviane/workspaces/formacao-dev/typescript/testes-typescript/basicos/src/Utils.ts">
      <metrics statements="38" coveredstatements="35" conditionals="12" coveredconditionals="10" methods="26" coveredmethods="22"/>
      <line num="1" count="4" type="stmt"/>
      <line num="4" count="2" type="cond" truecount="2" falsecount="0"/>
      <line num="8" count="0" type="cond" truecount="0" falsecount="2"/>
      <line num="12" count="0" type="stmt"/>
      <line num="16" count="0" type="stmt"/>
      <line num="20" count="16" type="stmt"/>
      <line num="21" count="16" type="stmt"/>
      <line num="22" count="7" type="cond" truecount="3" falsecount="0"/>
      <line num="23" count="2" type="stmt"/>
      <line num="25" count="12" type="stmt"/>
      <line num="29" count="22" type="stmt"/>
      <line num="30" count="5" type="cond" truecount="1" falsecount="0"/>
      <line num="31" count="1" type="stmt"/>
      <line num="33" count="4" type="stmt"/>
      <line num="37" count="7" type="cond" truecount="1" falsecount="0"/>
      <line num="38" count="6" type="stmt"/>
      <line num="41" count="14" type="stmt"/>
      <line num="42" count="14" type="stmt"/>
      <line num="43" count="14" type="stmt"/>
      <line num="49" count="12" type="stmt"/>
      <line num="53" count="4" type="stmt"/>
      <line num="54" count="6" type="cond" truecount="2" falsecount="0"/>
      <line num="55" count="2" type="stmt"/>
      <line num="57" count="4" type="stmt"/>
      <line num="59" count="6" type="stmt"/>
      <line num="64" count="4" type="stmt"/>
      <line num="65" count="4" type="stmt"/>
      <line num="66" count="4" type="stmt"/>
      <line num="70" count="3" type="cond" truecount="1" falsecount="0"/>
      <line num="71" count="1" type="stmt"/>
      <line num="73" count="2" type="stmt"/>
      <line num="77" count="3" type="stmt"/>
      <line num="85" count="2" type="stmt"/>
      <line num="86" count="2" type="stmt"/>
      <line num="87" count="1" type="stmt"/>
      <line num="91" count="2" type="stmt"/>
      <line num="92" count="1" type="stmt"/>
      <line num="93" count="1" type="stmt"/>
    </file>
    <file name="cobertura.ts" path="/home/Viviane/workspaces/formacao-dev/typescript/testes-typescript/basicos/src/cobertura.ts">
      <metrics statements="4" coveredstatements="3" conditionals="2" coveredconditionals="2" methods="2" coveredmethods="1"/>
      <line num="1" count="1" type="stmt"/>
      <line num="2" count="0" type="stmt"/>
      <line num="4" count="1" type="stmt"/>
      <line num="5" count="3" type="cond" truecount="2" falsecount="0"/>
    </file>
    <file name="soma.ts" path="/home/Viviane/workspaces/formacao-dev/typescript/testes-typescript/basicos/src/soma.ts">
      <metrics statements="4" coveredstatements="3" conditionals="0" coveredconditionals="0" methods="2" coveredmethods="1"/>
      <line num="1" count="1" type="stmt"/>
      <line num="2" count="4" type="stmt"/>
      <line num="4" count="1" type="stmt"/>
      <line num="5" count="0" type="stmt"/>
    </file>
  </project>
</coverage>
