TN:
SF:src/Utils.ts
FN:3,(anonymous_7)
FN:7,(anonymous_8)
FN:11,(anonymous_9)
FN:12,(anonymous_10)
FN:15,(anonymous_11)
FN:19,(anonymous_12)
FN:20,(anonymous_13)
FN:21,(anonymous_14)
FN:25,(anonymous_15)
FN:28,(anonymous_16)
FN:29,(anonymous_17)
FN:36,(anonymous_18)
FN:40,(anonymous_19)
FN:48,(anonymous_20)
FN:49,(anonymous_21)
FN:52,(anonymous_22)
FN:53,(anonymous_23)
FN:63,(anonymous_24)
FN:69,(anonymous_25)
FN:76,(anonymous_26)
FN:77,(anonymous_28)
FN:77,(anonymous_29)
FN:80,(anonymous_30)
FN:85,(anonymous_32)
FN:87,(anonymous_33)
FN:91,(anonymous_34)
FNF:26
FNH:22
FNDA:2,(anonymous_7)
FNDA:0,(anonymous_8)
FNDA:0,(anonymous_9)
FNDA:0,(anonymous_10)
FNDA:0,(anonymous_11)
FNDA:7,(anonymous_12)
FNDA:16,(anonymous_13)
FNDA:16,(anonymous_14)
FNDA:12,(anonymous_15)
FNDA:5,(anonymous_16)
FNDA:22,(anonymous_17)
FNDA:7,(anonymous_18)
FNDA:14,(anonymous_19)
FNDA:7,(anonymous_20)
FNDA:12,(anonymous_21)
FNDA:4,(anonymous_22)
FNDA:6,(anonymous_23)
FNDA:4,(anonymous_24)
FNDA:3,(anonymous_25)
FNDA:3,(anonymous_26)
FNDA:3,(anonymous_28)
FNDA:2,(anonymous_29)
FNDA:2,(anonymous_30)
FNDA:2,(anonymous_32)
FNDA:1,(anonymous_33)
FNDA:1,(anonymous_34)
DA:1,4
DA:4,2
DA:8,0
DA:12,0
DA:16,0
DA:20,16
DA:21,16
DA:22,7
DA:23,2
DA:25,12
DA:29,22
DA:30,5
DA:31,1
DA:33,4
DA:37,7
DA:38,6
DA:41,14
DA:42,14
DA:43,14
DA:49,12
DA:53,4
DA:54,6
DA:55,2
DA:57,4
DA:59,6
DA:64,4
DA:65,4
DA:66,4
DA:70,3
DA:71,1
DA:73,2
DA:77,3
DA:85,2
DA:86,2
DA:87,1
DA:91,2
DA:92,1
DA:93,1
LF:38
LH:35
BRDA:4,0,0,1
BRDA:4,0,1,1
BRDA:8,1,0,0
BRDA:8,1,1,0
BRDA:22,2,0,2
BRDA:22,3,0,7
BRDA:22,3,1,6
BRDA:30,4,0,1
BRDA:37,5,0,1
BRDA:54,6,0,2
BRDA:54,6,1,4
BRDA:70,7,0,1
BRF:12
BRH:10
end_of_record
TN:
SF:src/cobertura.ts
FN:1,sub
FN:4,ehAdmin
FNF:2
FNH:1
FNDA:0,sub
FNDA:3,ehAdmin
DA:1,1
DA:2,0
DA:4,1
DA:5,3
LF:4
LH:3
BRDA:5,0,0,2
BRDA:5,0,1,1
BRF:2
BRH:2
end_of_record
TN:
SF:src/soma.ts
FN:1,soma
FN:4,sub
FNF:2
FNH:1
FNDA:4,soma
FNDA:0,sub
DA:1,1
DA:2,4
DA:4,1
DA:5,0
LF:4
LH:3
BRF:0
BRH:0
end_of_record
